[2015-10-28 01:44:12] production.ERROR: exception 'PDOException' with message 'SQLSTATE[42S02]: Base table or view not found: 1146 Table 'allianceeducation.system_parameters' doesn't exist' in C:\wamp\www\allianceeducation.ca\AllianceEducation\vendor\laravel\framework\src\Illuminate\Database\Connection.php:292
Stack trace:
#0 C:\wamp\www\allianceeducation.ca\AllianceEducation\vendor\laravel\framework\src\Illuminate\Database\Connection.php(292): PDO->prepare('select `value` ...')
#1 C:\wamp\www\allianceeducation.ca\AllianceEducation\vendor\laravel\framework\src\Illuminate\Database\Connection.php(616): Illuminate\Database\Connection->Illuminate\Database\{closure}(Object(Illuminate\Database\MySqlConnection), 'select `value` ...', Array)
#2 C:\wamp\www\allianceeducation.ca\AllianceEducation\vendor\laravel\framework\src\Illuminate\Database\Connection.php(580): Illuminate\Database\Connection->runQueryCallback('select `value` ...', Array, Object(Closure))
#3 C:\wamp\www\allianceeducation.ca\AllianceEducation\vendor\laravel\framework\src\Illuminate\Database\Connection.php(297): Illuminate\Database\Connection->run('select `value` ...', Array, Object(Closure))
#4 C:\wamp\www\allianceeducation.ca\AllianceEducation\vendor\laravel\framework\src\Illuminate\Database\Query\Builder.php(1377): Illuminate\Database\Connection->select('select `value` ...', Array, true)
#5 C:\wamp\www\allianceeducation.ca\AllianceEducation\vendor\laravel\framework\src\Illuminate\Database\Query\Builder.php(1367): Illuminate\Database\Query\Builder->runSelect()
#6 C:\wamp\www\allianceeducation.ca\AllianceEducation\vendor\laravel\framework\src\Illuminate\Database\Query\Builder.php(1354): Illuminate\Database\Query\Builder->getFresh(Array)
#7 C:\wamp\www\allianceeducation.ca\AllianceEducation\vendor\october\rain\src\Database\QueryBuilder.php(75): Illuminate\Database\Query\Builder->get(Array)
#8 C:\wamp\www\allianceeducation.ca\AllianceEducation\vendor\laravel\framework\src\Illuminate\Database\Eloquent\Builder.php(380): October\Rain\Database\QueryBuilder->get(Array)
#9 C:\wamp\www\allianceeducation.ca\AllianceEducation\vendor\laravel\framework\src\Illuminate\Database\Eloquent\Builder.php(162): Illuminate\Database\Eloquent\Builder->getModels(Array)
#10 C:\wamp\www\allianceeducation.ca\AllianceEducation\vendor\laravel\framework\src\Illuminate\Database\Eloquent\Builder.php(136): Illuminate\Database\Eloquent\Builder->get(Array)
#11 C:\wamp\www\allianceeducation.ca\AllianceEducation\vendor\laravel\framework\src\Illuminate\Database\Eloquent\Builder.php(183): Illuminate\Database\Eloquent\Builder->first(Array)
#12 C:\wamp\www\allianceeducation.ca\AllianceEducation\modules\cms\classes\Theme.php(153): Illuminate\Database\Eloquent\Builder->pluck('value')
#13 C:\wamp\www\allianceeducation.ca\AllianceEducation\vendor\laravel\framework\src\Illuminate\Cache\Repository.php(204): Cms\Classes\Theme::Cms\Classes\{closure}()
#14 [internal function]: Illuminate\Cache\Repository->remember('cms::theme.acti...', 1440, Object(Closure))
#15 C:\wamp\www\allianceeducation.ca\AllianceEducation\vendor\laravel\framework\src\Illuminate\Cache\CacheManager.php(312): call_user_func_array(Array, Array)
#16 C:\wamp\www\allianceeducation.ca\AllianceEducation\vendor\laravel\framework\src\Illuminate\Support\Facades\Facade.php(216): Illuminate\Cache\CacheManager->__call('remember', Array)
#17 C:\wamp\www\allianceeducation.ca\AllianceEducation\vendor\laravel\framework\src\Illuminate\Support\Facades\Facade.php(216): Illuminate\Cache\CacheManager->remember('cms::theme.acti...', 1440, Object(Closure))
#18 C:\wamp\www\allianceeducation.ca\AllianceEducation\modules\cms\classes\Theme.php(154): Illuminate\Support\Facades\Facade::__callStatic('remember', Array)
#19 C:\wamp\www\allianceeducation.ca\AllianceEducation\modules\cms\classes\Theme.php(154): Illuminate\Support\Facades\Cache::remember('cms::theme.acti...', 1440, Object(Closure))
#20 C:\wamp\www\allianceeducation.ca\AllianceEducation\modules\cms\classes\Controller.php(122): Cms\Classes\Theme::getActiveTheme()
#21 [internal function]: Cms\Classes\Controller->__construct(NULL)
#22 C:\wamp\www\allianceeducation.ca\AllianceEducation\vendor\laravel\framework\src\Illuminate\Container\Container.php(820): ReflectionClass->newInstanceArgs(Array)
#23 C:\wamp\www\allianceeducation.ca\AllianceEducation\vendor\laravel\framework\src\Illuminate\Container\Container.php(659): Illuminate\Container\Container->build('Cms\\Classes\\Con...', Array)
#24 C:\wamp\www\allianceeducation.ca\AllianceEducation\vendor\laravel\framework\src\Illuminate\Foundation\Application.php(644): Illuminate\Container\Container->make('Cms\\Classes\\Con...', Array)
#25 C:\wamp\www\allianceeducation.ca\AllianceEducation\vendor\laravel\framework\src\Illuminate\Support\Facades\Facade.php(210): Illuminate\Foundation\Application->make('Cms\\Classes\\Con...')
#26 C:\wamp\www\allianceeducation.ca\AllianceEducation\modules\cms\classes\CmsController.php(47): Illuminate\Support\Facades\Facade::__callStatic('make', Array)
#27 C:\wamp\www\allianceeducation.ca\AllianceEducation\modules\cms\classes\CmsController.php(47): Illuminate\Support\Facades\App::make('Cms\\Classes\\Con...')
#28 [internal function]: Cms\Classes\CmsController->run('/')
#29 C:\wamp\www\allianceeducation.ca\AllianceEducation\vendor\laravel\framework\src\Illuminate\Routing\Controller.php(246): call_user_func_array(Array, Array)
#30 C:\wamp\www\allianceeducation.ca\AllianceEducation\vendor\laravel\framework\src\Illuminate\Routing\ControllerDispatcher.php(162): Illuminate\Routing\Controller->callAction('run', Array)
#31 C:\wamp\www\allianceeducation.ca\AllianceEducation\vendor\laravel\framework\src\Illuminate\Routing\ControllerDispatcher.php(107): Illuminate\Routing\ControllerDispatcher->call(Object(Cms\Classes\CmsController), Object(Illuminate\Routing\Route), 'run')
#32 [internal function]: Illuminate\Routing\ControllerDispatcher->Illuminate\Routing\{closure}(Object(Illuminate\Http\Request))
#33 C:\wamp\www\allianceeducation.ca\AllianceEducation\vendor\laravel\framework\src\Illuminate\Pipeline\Pipeline.php(141): call_user_func(Object(Closure), Object(Illuminate\Http\Request))
#34 [internal function]: Illuminate\Pipeline\Pipeline->Illuminate\Pipeline\{closure}(Object(Illuminate\Http\Request))
#35 C:\wamp\www\allianceeducation.ca\AllianceEducation\vendor\laravel\framework\src\Illuminate\Pipeline\Pipeline.php(101): call_user_func(Object(Closure), Object(Illuminate\Http\Request))
#36 C:\wamp\www\allianceeducation.ca\AllianceEducation\vendor\laravel\framework\src\Illuminate\Routing\ControllerDispatcher.php(108): Illuminate\Pipeline\Pipeline->then(Object(Closure))
#37 C:\wamp\www\allianceeducation.ca\AllianceEducation\vendor\laravel\framework\src\Illuminate\Routing\ControllerDispatcher.php(67): Illuminate\Routing\ControllerDispatcher->callWithinStack(Object(Cms\Classes\CmsController), Object(Illuminate\Routing\Route), Object(Illuminate\Http\Request), 'run')
#38 C:\wamp\www\allianceeducation.ca\AllianceEducation\vendor\laravel\framework\src\Illuminate\Routing\Route.php(204): Illuminate\Routing\ControllerDispatcher->dispatch(Object(Illuminate\Routing\Route), Object(Illuminate\Http\Request), 'Cms\\Classes\\Cms...', 'run')
#39 C:\wamp\www\allianceeducation.ca\AllianceEducation\vendor\laravel\framework\src\Illuminate\Routing\Route.php(134): Illuminate\Routing\Route->runWithCustomDispatcher(Object(Illuminate\Http\Request))
#40 C:\wamp\www\allianceeducation.ca\AllianceEducation\vendor\laravel\framework\src\Illuminate\Routing\Router.php(701): Illuminate\Routing\Route->run(Object(Illuminate\Http\Request))
#41 [internal function]: Illuminate\Routing\Router->Illuminate\Routing\{closure}(Object(Illuminate\Http\Request))
#42 C:\wamp\www\allianceeducation.ca\AllianceEducation\vendor\laravel\framework\src\Illuminate\Pipeline\Pipeline.php(141): call_user_func(Object(Closure), Object(Illuminate\Http\Request))
#43 [internal function]: Illuminate\Pipeline\Pipeline->Illuminate\Pipeline\{closure}(Object(Illuminate\Http\Request))
#44 C:\wamp\www\allianceeducation.ca\AllianceEducation\vendor\laravel\framework\src\Illuminate\Pipeline\Pipeline.php(101): call_user_func(Object(Closure), Object(Illuminate\Http\Request))
#45 C:\wamp\www\allianceeducation.ca\AllianceEducation\vendor\laravel\framework\src\Illuminate\Routing\Router.php(703): Illuminate\Pipeline\Pipeline->then(Object(Closure))
#46 C:\wamp\www\allianceeducation.ca\AllianceEducation\vendor\laravel\framework\src\Illuminate\Routing\Router.php(670): Illuminate\Routing\Router->runRouteWithinStack(Object(Illuminate\Routing\Route), Object(Illuminate\Http\Request))
#47 C:\wamp\www\allianceeducation.ca\AllianceEducation\vendor\laravel\framework\src\Illuminate\Routing\Router.php(628): Illuminate\Routing\Router->dispatchToRoute(Object(Illuminate\Http\Request))
#48 C:\wamp\www\allianceeducation.ca\AllianceEducation\vendor\laravel\framework\src\Illuminate\Foundation\Http\Kernel.php(214): Illuminate\Routing\Router->dispatch(Object(Illuminate\Http\Request))
#49 [internal function]: Illuminate\Foundation\Http\Kernel->Illuminate\Foundation\Http\{closure}(Object(Illuminate\Http\Request))
#50 C:\wamp\www\allianceeducation.ca\AllianceEducation\vendor\laravel\framework\src\Illuminate\Pipeline\Pipeline.php(141): call_user_func(Object(Closure), Object(Illuminate\Http\Request))
#51 C:\wamp\www\allianceeducation.ca\AllianceEducation\vendor\laravel\framework\src\Illuminate\View\Middleware\ShareErrorsFromSession.php(55): Illuminate\Pipeline\Pipeline->Illuminate\Pipeline\{closure}(Object(Illuminate\Http\Request))
#52 C:\wamp\www\allianceeducation.ca\AllianceEducation\vendor\laravel\framework\src\Illuminate\Pipeline\Pipeline.php(125): Illuminate\View\Middleware\ShareErrorsFromSession->handle(Object(Illuminate\Http\Request), Object(Closure))
#53 C:\wamp\www\allianceeducation.ca\AllianceEducation\vendor\laravel\framework\src\Illuminate\Session\Middleware\StartSession.php(61): Illuminate\Pipeline\Pipeline->Illuminate\Pipeline\{closure}(Object(Illuminate\Http\Request))
#54 C:\wamp\www\allianceeducation.ca\AllianceEducation\vendor\laravel\framework\src\Illuminate\Pipeline\Pipeline.php(125): Illuminate\Session\Middleware\StartSession->handle(Object(Illuminate\Http\Request), Object(Closure))
#55 C:\wamp\www\allianceeducation.ca\AllianceEducation\vendor\laravel\framework\src\Illuminate\Cookie\Middleware\AddQueuedCookiesToResponse.php(36): Illuminate\Pipeline\Pipeline->Illuminate\Pipeline\{closure}(Object(Illuminate\Http\Request))
#56 C:\wamp\www\allianceeducation.ca\AllianceEducation\vendor\laravel\framework\src\Illuminate\Pipeline\Pipeline.php(125): Illuminate\Cookie\Middleware\AddQueuedCookiesToResponse->handle(Object(Illuminate\Http\Request), Object(Closure))
#57 C:\wamp\www\allianceeducation.ca\AllianceEducation\vendor\laravel\framework\src\Illuminate\Cookie\Middleware\EncryptCookies.php(40): Illuminate\Pipeline\Pipeline->Illuminate\Pipeline\{closure}(Object(Illuminate\Http\Request))
#58 C:\wamp\www\allianceeducation.ca\AllianceEducation\vendor\laravel\framework\src\Illuminate\Pipeline\Pipeline.php(125): Illuminate\Cookie\Middleware\EncryptCookies->handle(Object(Illuminate\Http\Request), Object(Closure))
#59 C:\wamp\www\allianceeducation.ca\AllianceEducation\vendor\laravel\framework\src\Illuminate\Foundation\Http\Middleware\CheckForMaintenanceMode.php(42): Illuminate\Pipeline\Pipeline->Illuminate\Pipeline\{closure}(Object(Illuminate\Http\Request))
#60 C:\wamp\www\allianceeducation.ca\AllianceEducation\vendor\laravel\framework\src\Illuminate\Pipeline\Pipeline.php(125): Illuminate\Foundation\Http\Middleware\CheckForMaintenanceMode->handle(Object(Illuminate\Http\Request), Object(Closure))
#61 [internal function]: Illuminate\Pipeline\Pipeline->Illuminate\Pipeline\{closure}(Object(Illuminate\Http\Request))
#62 C:\wamp\www\allianceeducation.ca\AllianceEducation\vendor\laravel\framework\src\Illuminate\Pipeline\Pipeline.php(101): call_user_func(Object(Closure), Object(Illuminate\Http\Request))
#63 C:\wamp\www\allianceeducation.ca\AllianceEducation\vendor\laravel\framework\src\Illuminate\Foundation\Http\Kernel.php(115): Illuminate\Pipeline\Pipeline->then(Object(Closure))
#64 C:\wamp\www\allianceeducation.ca\AllianceEducation\vendor\laravel\framework\src\Illuminate\Foundation\Http\Kernel.php(84): Illuminate\Foundation\Http\Kernel->sendRequestThroughRouter(Object(Illuminate\Http\Request))
#65 C:\wamp\www\allianceeducation.ca\AllianceEducation\index.php(44): Illuminate\Foundation\Http\Kernel->handle(Object(Illuminate\Http\Request))
#66 {main}

Next exception 'Illuminate\Database\QueryException' with message 'SQLSTATE[42S02]: Base table or view not found: 1146 Table 'allianceeducation.system_parameters' doesn't exist (SQL: select `value` from `system_parameters` where `namespace` = cms and `group` = theme and `item` = active limit 1)' in C:\wamp\www\allianceeducation.ca\AllianceEducation\vendor\laravel\framework\src\Illuminate\Database\Connection.php:624
Stack trace:
#0 C:\wamp\www\allianceeducation.ca\AllianceEducation\vendor\laravel\framework\src\Illuminate\Database\Connection.php(580): Illuminate\Database\Connection->runQueryCallback('select `value` ...', Array, Object(Closure))
#1 C:\wamp\www\allianceeducation.ca\AllianceEducation\vendor\laravel\framework\src\Illuminate\Database\Connection.php(297): Illuminate\Database\Connection->run('select `value` ...', Array, Object(Closure))
#2 C:\wamp\www\allianceeducation.ca\AllianceEducation\vendor\laravel\framework\src\Illuminate\Database\Query\Builder.php(1377): Illuminate\Database\Connection->select('select `value` ...', Array, true)
#3 C:\wamp\www\allianceeducation.ca\AllianceEducation\vendor\laravel\framework\src\Illuminate\Database\Query\Builder.php(1367): Illuminate\Database\Query\Builder->runSelect()
#4 C:\wamp\www\allianceeducation.ca\AllianceEducation\vendor\laravel\framework\src\Illuminate\Database\Query\Builder.php(1354): Illuminate\Database\Query\Builder->getFresh(Array)
#5 C:\wamp\www\allianceeducation.ca\AllianceEducation\vendor\october\rain\src\Database\QueryBuilder.php(75): Illuminate\Database\Query\Builder->get(Array)
#6 C:\wamp\www\allianceeducation.ca\AllianceEducation\vendor\laravel\framework\src\Illuminate\Database\Eloquent\Builder.php(380): October\Rain\Database\QueryBuilder->get(Array)
#7 C:\wamp\www\allianceeducation.ca\AllianceEducation\vendor\laravel\framework\src\Illuminate\Database\Eloquent\Builder.php(162): Illuminate\Database\Eloquent\Builder->getModels(Array)
#8 C:\wamp\www\allianceeducation.ca\AllianceEducation\vendor\laravel\framework\src\Illuminate\Database\Eloquent\Builder.php(136): Illuminate\Database\Eloquent\Builder->get(Array)
#9 C:\wamp\www\allianceeducation.ca\AllianceEducation\vendor\laravel\framework\src\Illuminate\Database\Eloquent\Builder.php(183): Illuminate\Database\Eloquent\Builder->first(Array)
#10 C:\wamp\www\allianceeducation.ca\AllianceEducation\modules\cms\classes\Theme.php(153): Illuminate\Database\Eloquent\Builder->pluck('value')
#11 C:\wamp\www\allianceeducation.ca\AllianceEducation\vendor\laravel\framework\src\Illuminate\Cache\Repository.php(204): Cms\Classes\Theme::Cms\Classes\{closure}()
#12 [internal function]: Illuminate\Cache\Repository->remember('cms::theme.acti...', 1440, Object(Closure))
#13 C:\wamp\www\allianceeducation.ca\AllianceEducation\vendor\laravel\framework\src\Illuminate\Cache\CacheManager.php(312): call_user_func_array(Array, Array)
#14 C:\wamp\www\allianceeducation.ca\AllianceEducation\vendor\laravel\framework\src\Illuminate\Support\Facades\Facade.php(216): Illuminate\Cache\CacheManager->__call('remember', Array)
#15 C:\wamp\www\allianceeducation.ca\AllianceEducation\vendor\laravel\framework\src\Illuminate\Support\Facades\Facade.php(216): Illuminate\Cache\CacheManager->remember('cms::theme.acti...', 1440, Object(Closure))
#16 C:\wamp\www\allianceeducation.ca\AllianceEducation\modules\cms\classes\Theme.php(154): Illuminate\Support\Facades\Facade::__callStatic('remember', Array)
#17 C:\wamp\www\allianceeducation.ca\AllianceEducation\modules\cms\classes\Theme.php(154): Illuminate\Support\Facades\Cache::remember('cms::theme.acti...', 1440, Object(Closure))
#18 C:\wamp\www\allianceeducation.ca\AllianceEducation\modules\cms\classes\Controller.php(122): Cms\Classes\Theme::getActiveTheme()
#19 [internal function]: Cms\Classes\Controller->__construct(NULL)
#20 C:\wamp\www\allianceeducation.ca\AllianceEducation\vendor\laravel\framework\src\Illuminate\Container\Container.php(820): ReflectionClass->newInstanceArgs(Array)
#21 C:\wamp\www\allianceeducation.ca\AllianceEducation\vendor\laravel\framework\src\Illuminate\Container\Container.php(659): Illuminate\Container\Container->build('Cms\\Classes\\Con...', Array)
#22 C:\wamp\www\allianceeducation.ca\AllianceEducation\vendor\laravel\framework\src\Illuminate\Foundation\Application.php(644): Illuminate\Container\Container->make('Cms\\Classes\\Con...', Array)
#23 C:\wamp\www\allianceeducation.ca\AllianceEducation\vendor\laravel\framework\src\Illuminate\Support\Facades\Facade.php(210): Illuminate\Foundation\Application->make('Cms\\Classes\\Con...')
#24 C:\wamp\www\allianceeducation.ca\AllianceEducation\modules\cms\classes\CmsController.php(47): Illuminate\Support\Facades\Facade::__callStatic('make', Array)
#25 C:\wamp\www\allianceeducation.ca\AllianceEducation\modules\cms\classes\CmsController.php(47): Illuminate\Support\Facades\App::make('Cms\\Classes\\Con...')
#26 [internal function]: Cms\Classes\CmsController->run('/')
#27 C:\wamp\www\allianceeducation.ca\AllianceEducation\vendor\laravel\framework\src\Illuminate\Routing\Controller.php(246): call_user_func_array(Array, Array)
#28 C:\wamp\www\allianceeducation.ca\AllianceEducation\vendor\laravel\framework\src\Illuminate\Routing\ControllerDispatcher.php(162): Illuminate\Routing\Controller->callAction('run', Array)
#29 C:\wamp\www\allianceeducation.ca\AllianceEducation\vendor\laravel\framework\src\Illuminate\Routing\ControllerDispatcher.php(107): Illuminate\Routing\ControllerDispatcher->call(Object(Cms\Classes\CmsController), Object(Illuminate\Routing\Route), 'run')
#30 [internal function]: Illuminate\Routing\ControllerDispatcher->Illuminate\Routing\{closure}(Object(Illuminate\Http\Request))
#31 C:\wamp\www\allianceeducation.ca\AllianceEducation\vendor\laravel\framework\src\Illuminate\Pipeline\Pipeline.php(141): call_user_func(Object(Closure), Object(Illuminate\Http\Request))
#32 [internal function]: Illuminate\Pipeline\Pipeline->Illuminate\Pipeline\{closure}(Object(Illuminate\Http\Request))
#33 C:\wamp\www\allianceeducation.ca\AllianceEducation\vendor\laravel\framework\src\Illuminate\Pipeline\Pipeline.php(101): call_user_func(Object(Closure), Object(Illuminate\Http\Request))
#34 C:\wamp\www\allianceeducation.ca\AllianceEducation\vendor\laravel\framework\src\Illuminate\Routing\ControllerDispatcher.php(108): Illuminate\Pipeline\Pipeline->then(Object(Closure))
#35 C:\wamp\www\allianceeducation.ca\AllianceEducation\vendor\laravel\framework\src\Illuminate\Routing\ControllerDispatcher.php(67): Illuminate\Routing\ControllerDispatcher->callWithinStack(Object(Cms\Classes\CmsController), Object(Illuminate\Routing\Route), Object(Illuminate\Http\Request), 'run')
#36 C:\wamp\www\allianceeducation.ca\AllianceEducation\vendor\laravel\framework\src\Illuminate\Routing\Route.php(204): Illuminate\Routing\ControllerDispatcher->dispatch(Object(Illuminate\Routing\Route), Object(Illuminate\Http\Request), 'Cms\\Classes\\Cms...', 'run')
#37 C:\wamp\www\allianceeducation.ca\AllianceEducation\vendor\laravel\framework\src\Illuminate\Routing\Route.php(134): Illuminate\Routing\Route->runWithCustomDispatcher(Object(Illuminate\Http\Request))
#38 C:\wamp\www\allianceeducation.ca\AllianceEducation\vendor\laravel\framework\src\Illuminate\Routing\Router.php(701): Illuminate\Routing\Route->run(Object(Illuminate\Http\Request))
#39 [internal function]: Illuminate\Routing\Router->Illuminate\Routing\{closure}(Object(Illuminate\Http\Request))
#40 C:\wamp\www\allianceeducation.ca\AllianceEducation\vendor\laravel\framework\src\Illuminate\Pipeline\Pipeline.php(141): call_user_func(Object(Closure), Object(Illuminate\Http\Request))
#41 [internal function]: Illuminate\Pipeline\Pipeline->Illuminate\Pipeline\{closure}(Object(Illuminate\Http\Request))
#42 C:\wamp\www\allianceeducation.ca\AllianceEducation\vendor\laravel\framework\src\Illuminate\Pipeline\Pipeline.php(101): call_user_func(Object(Closure), Object(Illuminate\Http\Request))
#43 C:\wamp\www\allianceeducation.ca\AllianceEducation\vendor\laravel\framework\src\Illuminate\Routing\Router.php(703): Illuminate\Pipeline\Pipeline->then(Object(Closure))
#44 C:\wamp\www\allianceeducation.ca\AllianceEducation\vendor\laravel\framework\src\Illuminate\Routing\Router.php(670): Illuminate\Routing\Router->runRouteWithinStack(Object(Illuminate\Routing\Route), Object(Illuminate\Http\Request))
#45 C:\wamp\www\allianceeducation.ca\AllianceEducation\vendor\laravel\framework\src\Illuminate\Routing\Router.php(628): Illuminate\Routing\Router->dispatchToRoute(Object(Illuminate\Http\Request))
#46 C:\wamp\www\allianceeducation.ca\AllianceEducation\vendor\laravel\framework\src\Illuminate\Foundation\Http\Kernel.php(214): Illuminate\Routing\Router->dispatch(Object(Illuminate\Http\Request))
#47 [internal function]: Illuminate\Foundation\Http\Kernel->Illuminate\Foundation\Http\{closure}(Object(Illuminate\Http\Request))
#48 C:\wamp\www\allianceeducation.ca\AllianceEducation\vendor\laravel\framework\src\Illuminate\Pipeline\Pipeline.php(141): call_user_func(Object(Closure), Object(Illuminate\Http\Request))
#49 C:\wamp\www\allianceeducation.ca\AllianceEducation\vendor\laravel\framework\src\Illuminate\View\Middleware\ShareErrorsFromSession.php(55): Illuminate\Pipeline\Pipeline->Illuminate\Pipeline\{closure}(Object(Illuminate\Http\Request))
#50 C:\wamp\www\allianceeducation.ca\AllianceEducation\vendor\laravel\framework\src\Illuminate\Pipeline\Pipeline.php(125): Illuminate\View\Middleware\ShareErrorsFromSession->handle(Object(Illuminate\Http\Request), Object(Closure))
#51 C:\wamp\www\allianceeducation.ca\AllianceEducation\vendor\laravel\framework\src\Illuminate\Session\Middleware\StartSession.php(61): Illuminate\Pipeline\Pipeline->Illuminate\Pipeline\{closure}(Object(Illuminate\Http\Request))
#52 C:\wamp\www\allianceeducation.ca\AllianceEducation\vendor\laravel\framework\src\Illuminate\Pipeline\Pipeline.php(125): Illuminate\Session\Middleware\StartSession->handle(Object(Illuminate\Http\Request), Object(Closure))
#53 C:\wamp\www\allianceeducation.ca\AllianceEducation\vendor\laravel\framework\src\Illuminate\Cookie\Middleware\AddQueuedCookiesToResponse.php(36): Illuminate\Pipeline\Pipeline->Illuminate\Pipeline\{closure}(Object(Illuminate\Http\Request))
#54 C:\wamp\www\allianceeducation.ca\AllianceEducation\vendor\laravel\framework\src\Illuminate\Pipeline\Pipeline.php(125): Illuminate\Cookie\Middleware\AddQueuedCookiesToResponse->handle(Object(Illuminate\Http\Request), Object(Closure))
#55 C:\wamp\www\allianceeducation.ca\AllianceEducation\vendor\laravel\framework\src\Illuminate\Cookie\Middleware\EncryptCookies.php(40): Illuminate\Pipeline\Pipeline->Illuminate\Pipeline\{closure}(Object(Illuminate\Http\Request))
#56 C:\wamp\www\allianceeducation.ca\AllianceEducation\vendor\laravel\framework\src\Illuminate\Pipeline\Pipeline.php(125): Illuminate\Cookie\Middleware\EncryptCookies->handle(Object(Illuminate\Http\Request), Object(Closure))
#57 C:\wamp\www\allianceeducation.ca\AllianceEducation\vendor\laravel\framework\src\Illuminate\Foundation\Http\Middleware\CheckForMaintenanceMode.php(42): Illuminate\Pipeline\Pipeline->Illuminate\Pipeline\{closure}(Object(Illuminate\Http\Request))
#58 C:\wamp\www\allianceeducation.ca\AllianceEducation\vendor\laravel\framework\src\Illuminate\Pipeline\Pipeline.php(125): Illuminate\Foundation\Http\Middleware\CheckForMaintenanceMode->handle(Object(Illuminate\Http\Request), Object(Closure))
#59 [internal function]: Illuminate\Pipeline\Pipeline->Illuminate\Pipeline\{closure}(Object(Illuminate\Http\Request))
#60 C:\wamp\www\allianceeducation.ca\AllianceEducation\vendor\laravel\framework\src\Illuminate\Pipeline\Pipeline.php(101): call_user_func(Object(Closure), Object(Illuminate\Http\Request))
#61 C:\wamp\www\allianceeducation.ca\AllianceEducation\vendor\laravel\framework\src\Illuminate\Foundation\Http\Kernel.php(115): Illuminate\Pipeline\Pipeline->then(Object(Closure))
#62 C:\wamp\www\allianceeducation.ca\AllianceEducation\vendor\laravel\framework\src\Illuminate\Foundation\Http\Kernel.php(84): Illuminate\Foundation\Http\Kernel->sendRequestThroughRouter(Object(Illuminate\Http\Request))
#63 C:\wamp\www\allianceeducation.ca\AllianceEducation\index.php(44): Illuminate\Foundation\Http\Kernel->handle(Object(Illuminate\Http\Request))
#64 {main}  
